2021-12-07 07:01:42,887:calc.main:Add: 56.000000 + 31.000000 = 87.000000
2021-12-07 07:01:42,889:calc.main:Add: 52.000000 + 70.000000 = 122.000000
2021-12-07 07:01:42,890:calc.main:Add: 62.000000 + 86.000000 = 148.000000
2021-12-07 07:01:42,892:calc.main:Add: 79.000000 + 30.000000 = 109.000000
2021-12-07 07:04:39,495:calc.main:Add: 56.000000 + 31.000000 = 87.000000
2021-12-07 07:04:39,497:calc.main:Add: 52.000000 + 70.000000 = 122.000000
2021-12-07 07:04:39,499:calc.main:Add: 62.000000 + 86.000000 = 148.000000
2021-12-07 07:04:39,500:calc.main:Add: 79.000000 + 30.000000 = 109.000000
2021-12-07 07:04:46,433:calc.main:Subtract: 56.000000 - 31.000000 = -87.000000
2021-12-07 07:04:46,570:calc.main:Multiply: 56.000000 * 31.000000 = 1736.000000
2021-12-07 07:04:46,574:calc.main:Multiply: 52.000000 * 70.000000 = 3640.000000
2021-12-07 07:04:46,576:calc.main:Multiply: 62.000000 * 86.000000 = 5332.000000
2021-12-07 07:04:46,578:calc.main:Multiply: 79.000000 * 30.000000 = 2370.000000
2021-12-07 07:04:46,594:calc.main:Divide: 56.000000 / 31.000000 = -87.000000
2021-12-07 18:21:38,684:calc.main:Add: 56.000000 + 31.000000 = 87.000000
2021-12-07 18:21:38,686:calc.main:Add: 52.000000 + 70.000000 = 122.000000
2021-12-07 18:21:38,687:calc.main:Add: 62.000000 + 86.000000 = 148.000000
2021-12-07 18:21:38,688:calc.main:Add: 79.000000 + 30.000000 = 109.000000
2021-12-07 18:21:44,816:calc.main:Subtract: 56.000000 - 31.000000 = -87.000000
2021-12-07 18:21:44,927:calc.main:Multiply: 56.000000 * 31.000000 = 1736.000000
2021-12-07 18:21:44,929:calc.main:Multiply: 52.000000 * 70.000000 = 3640.000000
2021-12-07 18:21:44,930:calc.main:Multiply: 62.000000 * 86.000000 = 5332.000000
2021-12-07 18:21:44,932:calc.main:Multiply: 79.000000 * 30.000000 = 2370.000000
2021-12-07 18:21:44,945:calc.main:Divide: 56.000000 / 31.000000 = -87.000000
2021-12-07 18:40:53,843:calc.main:Add: 56.000000 + 31.000000 = 87.000000
2021-12-07 18:40:53,845:calc.main:Add: 52.000000 + 70.000000 = 122.000000
2021-12-07 18:40:53,847:calc.main:Add: 62.000000 + 86.000000 = 148.000000
2021-12-07 18:40:53,849:calc.main:Add: 79.000000 + 30.000000 = 109.000000
2021-12-07 18:40:53,867:calc.main:Subtract: 56.000000 - 31.000000 = -87.000000
2021-12-07 18:41:04,436:calc.main:Multiply: 56.000000 * 31.000000 = 1736.000000
2021-12-07 18:41:04,438:calc.main:Multiply: 52.000000 * 70.000000 = 3640.000000
2021-12-07 18:41:04,439:calc.main:Multiply: 62.000000 * 86.000000 = 5332.000000
2021-12-07 18:41:04,440:calc.main:Multiply: 79.000000 * 30.000000 = 2370.000000
2021-12-07 18:41:04,452:calc.main:Divide: 56.000000 / 31.000000 = -87.000000
2021-12-07 18:43:04,470:calc.main:Add: 56.000000 + 31.000000 = 87.000000
2021-12-07 18:43:04,473:calc.main:Add: 52.000000 + 70.000000 = 122.000000
2021-12-07 18:43:04,475:calc.main:Add: 62.000000 + 86.000000 = 148.000000
2021-12-07 18:43:04,476:calc.main:Add: 79.000000 + 30.000000 = 109.000000
2021-12-07 18:43:04,492:calc.main:Subtract: 56.000000 - 31.000000 = -87.000000
2021-12-07 18:43:11,278:calc.main:Multiply: 56.000000 * 31.000000 = 1736.000000
2021-12-07 18:43:11,280:calc.main:Multiply: 52.000000 * 70.000000 = 3640.000000
2021-12-07 18:43:11,282:calc.main:Multiply: 62.000000 * 86.000000 = 5332.000000
2021-12-07 18:43:11,284:calc.main:Multiply: 79.000000 * 30.000000 = 2370.000000
2021-12-07 18:43:11,300:calc.main:Divide: 56.000000 / 31.000000 = -87.000000
2021-12-07 18:44:46,360:calc.main:Add: 56.000000 + 31.000000 = 87.000000
2021-12-07 18:44:46,363:calc.main:Add: 52.000000 + 70.000000 = 122.000000
2021-12-07 18:44:46,364:calc.main:Add: 62.000000 + 86.000000 = 148.000000
2021-12-07 18:44:46,365:calc.main:Add: 79.000000 + 30.000000 = 109.000000
2021-12-07 18:44:46,381:calc.main:Subtract: 56.000000 - 31.000000 = -87.000000
2021-12-07 18:44:51,527:calc.main:Multiply: 56.000000 * 31.000000 = 1736.000000
2021-12-07 18:44:51,529:calc.main:Multiply: 52.000000 * 70.000000 = 3640.000000
2021-12-07 18:44:51,530:calc.main:Multiply: 62.000000 * 86.000000 = 5332.000000
2021-12-07 18:44:51,531:calc.main:Multiply: 79.000000 * 30.000000 = 2370.000000
2021-12-07 18:44:51,541:calc.main:Divide: 56.000000 / 31.000000 = -25.000000
2021-12-07 18:50:01,740:calc.main:Add: 56.000000 + 31.000000 = 87.000000
2021-12-07 18:50:01,742:calc.main:Add: 52.000000 + 70.000000 = 122.000000
2021-12-07 18:50:01,743:calc.main:Add: 62.000000 + 86.000000 = 148.000000
2021-12-07 18:50:01,745:calc.main:Add: 79.000000 + 30.000000 = 109.000000
2021-12-07 18:50:01,759:calc.main:Subtract: 56.000000 - 31.000000 = 31.000000
2021-12-07 18:50:06,412:calc.main:Multiply: 56.000000 * 31.000000 = 1736.000000
2021-12-07 18:50:06,414:calc.main:Multiply: 52.000000 * 70.000000 = 3640.000000
2021-12-07 18:50:06,415:calc.main:Multiply: 62.000000 * 86.000000 = 5332.000000
2021-12-07 18:50:06,417:calc.main:Multiply: 79.000000 * 30.000000 = 2370.000000
2021-12-07 18:50:06,431:calc.main:Divide: 56.000000 / 31.000000 = -87.000000
2021-12-07 18:52:30,006:calc.main:Add: 56.000000 + 31.000000 = 87.000000
2021-12-07 18:52:30,008:calc.main:Add: 52.000000 + 70.000000 = 122.000000
2021-12-07 18:52:30,010:calc.main:Add: 62.000000 + 86.000000 = 148.000000
2021-12-07 18:52:30,011:calc.main:Add: 79.000000 + 30.000000 = 109.000000
2021-12-07 18:52:30,026:calc.main:Subtract: 56.000000 - 31.000000 = 25.000000
2021-12-07 18:52:30,027:calc.main:Subtract: 52.000000 - 70.000000 = -18.000000
2021-12-07 18:52:30,028:calc.main:Subtract: 62.000000 - 86.000000 = -24.000000
2021-12-07 18:52:30,029:calc.main:Subtract: 79.000000 - 30.000000 = 49.000000
2021-12-07 18:52:30,047:calc.main:Multiply: 56.000000 * 31.000000 = 1736.000000
2021-12-07 18:52:30,049:calc.main:Multiply: 52.000000 * 70.000000 = 3640.000000
2021-12-07 18:52:30,051:calc.main:Multiply: 62.000000 * 86.000000 = 5332.000000
2021-12-07 18:52:30,053:calc.main:Multiply: 79.000000 * 30.000000 = 2370.000000
2021-12-07 18:52:30,067:calc.main:Divide: 56.000000 / 31.000000 = -87.000000
2021-12-07 18:54:41,612:calc.main:Add: 56.000000 + 31.000000 = 87.000000
2021-12-07 18:54:41,615:calc.main:Add: 52.000000 + 70.000000 = 122.000000
2021-12-07 18:54:41,618:calc.main:Add: 62.000000 + 86.000000 = 148.000000
2021-12-07 18:54:41,620:calc.main:Add: 79.000000 + 30.000000 = 109.000000
2021-12-07 18:54:41,639:calc.main:Subtract: 56.000000 - 31.000000 = 25.000000
2021-12-07 18:54:41,641:calc.main:Subtract: 52.000000 - 70.000000 = -18.000000
2021-12-07 18:54:41,643:calc.main:Subtract: 62.000000 - 86.000000 = -24.000000
2021-12-07 18:54:41,644:calc.main:Subtract: 79.000000 - 30.000000 = 49.000000
2021-12-07 18:54:41,663:calc.main:Multiply: 56.000000 * 31.000000 = 1736.000000
2021-12-07 18:54:41,666:calc.main:Multiply: 52.000000 * 70.000000 = 3640.000000
2021-12-07 18:54:41,668:calc.main:Multiply: 62.000000 * 86.000000 = 5332.000000
2021-12-07 18:54:41,670:calc.main:Multiply: 79.000000 * 30.000000 = 2370.000000
2021-12-07 18:54:41,687:calc.main:Divide: 56.000000 / 31.000000 = 25.000000
2021-12-07 18:55:45,812:calc.main:Add: 56.000000 + 31.000000 = 87.000000
2021-12-07 18:55:45,814:calc.main:Add: 52.000000 + 70.000000 = 122.000000
2021-12-07 18:55:45,815:calc.main:Add: 62.000000 + 86.000000 = 148.000000
2021-12-07 18:55:45,817:calc.main:Add: 79.000000 + 30.000000 = 109.000000
2021-12-07 18:55:45,818:calc.main:Add: 100.000000 + 0.000000 = 100.000000
2021-12-07 18:55:50,073:calc.main:Subtract: 56.000000 - 31.000000 = 25.000000
2021-12-07 18:55:50,075:calc.main:Subtract: 52.000000 - 70.000000 = -18.000000
2021-12-07 18:55:50,076:calc.main:Subtract: 62.000000 - 86.000000 = -24.000000
2021-12-07 18:55:50,077:calc.main:Subtract: 79.000000 - 30.000000 = 49.000000
2021-12-07 18:55:50,079:calc.main:Subtract: 100.000000 - 0.000000 = 100.000000
2021-12-07 18:55:50,093:calc.main:Multiply: 56.000000 * 31.000000 = 1736.000000
2021-12-07 18:55:50,094:calc.main:Multiply: 52.000000 * 70.000000 = 3640.000000
2021-12-07 18:55:50,095:calc.main:Multiply: 62.000000 * 86.000000 = 5332.000000
2021-12-07 18:55:50,096:calc.main:Multiply: 79.000000 * 30.000000 = 2370.000000
2021-12-07 18:55:50,097:calc.main:Multiply: 100.000000 * 0.000000 = 0.000000
2021-12-07 18:55:50,110:calc.main:Divide: 56.000000 / 31.000000 = 1.806000
2021-12-07 18:55:50,112:calc.main:Divide: 52.000000 / 70.000000 = 0.743000
2021-12-07 18:55:50,113:calc.main:Divide: 62.000000 / 86.000000 = 0.721000
2021-12-07 18:55:50,114:calc.main:Divide: 79.000000 / 30.000000 = 2.633000
2021-12-07 18:55:50,116:calc.main:float division by zero
ZeroDivisionError: float division by zero
2021-12-07 18:57:11,805:calc.main:Add: 56.000000 + 31.000000 = 87.000000
2021-12-07 18:57:11,808:calc.main:Add: 52.000000 + 70.000000 = 122.000000
2021-12-07 18:57:11,809:calc.main:Add: 62.000000 + 86.000000 = 148.000000
2021-12-07 18:57:11,810:calc.main:Add: 79.000000 + 30.000000 = 109.000000
2021-12-07 18:57:11,812:calc.main:Add: 100.000000 + 0.000000 = 100.000000
2021-12-07 18:57:11,827:calc.main:Subtract: 56.000000 - 31.000000 = 25.000000
2021-12-07 18:57:11,829:calc.main:Subtract: 52.000000 - 70.000000 = -18.000000
2021-12-07 18:57:11,830:calc.main:Subtract: 62.000000 - 86.000000 = -24.000000
2021-12-07 18:57:11,832:calc.main:Subtract: 79.000000 - 30.000000 = 49.000000
2021-12-07 18:57:11,834:calc.main:Subtract: 100.000000 - 0.000000 = 100.000000
2021-12-07 18:57:11,849:calc.main:Multiply: 56.000000 * 31.000000 = 1736.000000
2021-12-07 18:57:11,851:calc.main:Multiply: 52.000000 * 70.000000 = 3640.000000
2021-12-07 18:57:11,852:calc.main:Multiply: 62.000000 * 86.000000 = 5332.000000
2021-12-07 18:57:11,853:calc.main:Multiply: 79.000000 * 30.000000 = 2370.000000
2021-12-07 18:57:11,855:calc.main:Multiply: 100.000000 * 0.000000 = 0.000000
2021-12-07 18:57:11,873:calc.main:Divide: 56.000000 / 31.000000 = 1.806000
2021-12-07 18:57:11,876:calc.main:Divide: 52.000000 / 70.000000 = 0.743000
2021-12-07 18:57:11,882:calc.main:Divide: 62.000000 / 86.000000 = 0.721000
2021-12-07 18:57:11,884:calc.main:Divide: 79.000000 / 30.000000 = 2.633000
2021-12-07 18:57:11,887:calc.main:float division by zero
ZeroDivisionError: float division by zero
2021-12-11 21:56:36,524:calc.main:Add: 0.694995 + 0.280434 = 0.975000
2021-12-11 21:56:36,525:calc.main:Add: 0.218387 + 0.390399 = 0.609000
2021-12-11 21:56:36,526:calc.main:Add: 0.551905 + 0.870395 = 1.422000
2021-12-11 21:56:36,526:calc.main:Add: 0.762770 + 0.150048 = 0.913000
2021-12-11 21:56:36,526:calc.main:Add: 0.916194 + 0.505782 = 1.422000
2021-12-11 21:56:36,529:calc.main:Subtract: 0.694995 - 0.280434 = 0.415000
2021-12-11 21:56:36,530:calc.main:Subtract: 0.218387 - 0.390399 = -0.172000
2021-12-11 21:56:36,530:calc.main:Subtract: 0.551905 - 0.870395 = -0.318000
2021-12-11 21:56:36,530:calc.main:Subtract: 0.762770 - 0.150048 = 0.613000
2021-12-11 21:56:36,530:calc.main:Subtract: 0.916194 - 0.505782 = 0.410000
2021-12-11 21:56:36,533:calc.main:Multiply: 0.694995 * 0.280434 = 0.195000
2021-12-11 21:56:36,533:calc.main:Multiply: 0.218387 * 0.390399 = 0.085000
2021-12-11 21:56:36,534:calc.main:Multiply: 0.551905 * 0.870395 = 0.480000
2021-12-11 21:56:36,534:calc.main:Multiply: 0.762770 * 0.150048 = 0.114000
2021-12-11 21:56:36,534:calc.main:Multiply: 0.916194 * 0.505782 = 0.463000
2021-12-11 21:56:36,537:calc.main:Divide: 0.694995 / 0.280434 = 2.478000
2021-12-11 22:04:55,172:calc.main:Add: 56.000000 + 31.000000 = 87.000000
2021-12-11 22:04:55,173:calc.main:Add: 52.000000 + 70.000000 = 122.000000
2021-12-11 22:04:55,173:calc.main:Add: 62.000000 + 86.000000 = 148.000000
2021-12-11 22:04:55,174:calc.main:Add: 79.000000 + 30.000000 = 109.000000
2021-12-11 22:04:55,174:calc.main:Add: 100.000000 + 0.000000 = 100.000000
2021-12-11 22:04:55,179:calc.main:Subtract: 56.000000 - 31.000000 = 25.000000
2021-12-11 22:04:55,179:calc.main:Subtract: 52.000000 - 70.000000 = -18.000000
2021-12-11 22:04:55,180:calc.main:Subtract: 62.000000 - 86.000000 = -24.000000
2021-12-11 22:04:55,180:calc.main:Subtract: 79.000000 - 30.000000 = 49.000000
2021-12-11 22:04:55,181:calc.main:Subtract: 100.000000 - 0.000000 = 100.000000
2021-12-11 22:04:55,184:calc.main:Multiply: 56.000000 * 31.000000 = 1736.000000
2021-12-11 22:04:55,185:calc.main:Multiply: 52.000000 * 70.000000 = 3640.000000
2021-12-11 22:04:55,185:calc.main:Multiply: 62.000000 * 86.000000 = 5332.000000
2021-12-11 22:04:55,185:calc.main:Multiply: 79.000000 * 30.000000 = 2370.000000
2021-12-11 22:04:55,186:calc.main:Multiply: 100.000000 * 0.000000 = 0.000000
2021-12-11 22:04:55,189:calc.main:Divide: 56.000000 / 31.000000 = 1.806000
2021-12-11 22:06:20,739:calc.main:Add: 56.000000 + 31.000000 = 87.000000
2021-12-11 22:06:20,739:calc.main:Add: 52.000000 + 70.000000 = 122.000000
2021-12-11 22:06:20,740:calc.main:Add: 62.000000 + 86.000000 = 148.000000
2021-12-11 22:06:20,740:calc.main:Add: 79.000000 + 30.000000 = 109.000000
2021-12-11 22:06:20,740:calc.main:Add: 100.000000 + 0.000000 = 100.000000
2021-12-11 22:06:20,744:calc.main:Subtract: 56.000000 - 31.000000 = 25.000000
2021-12-11 22:06:20,744:calc.main:Subtract: 52.000000 - 70.000000 = -18.000000
2021-12-11 22:06:20,744:calc.main:Subtract: 62.000000 - 86.000000 = -24.000000
2021-12-11 22:06:20,745:calc.main:Subtract: 79.000000 - 30.000000 = 49.000000
2021-12-11 22:06:20,745:calc.main:Subtract: 100.000000 - 0.000000 = 100.000000
2021-12-11 22:06:20,748:calc.main:Multiply: 56.000000 * 31.000000 = 1736.000000
2021-12-11 22:06:20,749:calc.main:Multiply: 52.000000 * 70.000000 = 3640.000000
2021-12-11 22:06:20,750:calc.main:Multiply: 62.000000 * 86.000000 = 5332.000000
2021-12-11 22:06:20,750:calc.main:Multiply: 79.000000 * 30.000000 = 2370.000000
2021-12-11 22:06:20,751:calc.main:Multiply: 100.000000 * 0.000000 = 0.000000
2021-12-11 22:06:20,754:calc.main:Divide: 56.000000 / 31.000000 = 1.806000
2021-12-11 22:18:03,589:calc.main:Add: 56.000000 + 31.000000 = 87.000000
2021-12-11 22:18:03,592:calc.main:Add: 52.000000 + 70.000000 = 122.000000
2021-12-11 22:18:03,592:calc.main:Add: 62.000000 + 86.000000 = 148.000000
2021-12-11 22:18:03,592:calc.main:Add: 79.000000 + 30.000000 = 109.000000
2021-12-11 22:18:03,593:calc.main:Add: 100.000000 + 0.000000 = 100.000000
2021-12-11 22:18:03,597:calc.main:Subtract: 56.000000 - 31.000000 = 25.000000
2021-12-11 22:18:03,598:calc.main:Subtract: 52.000000 - 70.000000 = -18.000000
2021-12-11 22:18:03,599:calc.main:Subtract: 62.000000 - 86.000000 = -24.000000
2021-12-11 22:18:03,600:calc.main:Subtract: 79.000000 - 30.000000 = 49.000000
2021-12-11 22:18:03,600:calc.main:Subtract: 100.000000 - 0.000000 = 100.000000
2021-12-11 22:18:03,604:calc.main:Multiply: 56.000000 * 31.000000 = 1736.000000
2021-12-11 22:18:03,604:calc.main:Multiply: 52.000000 * 70.000000 = 3640.000000
2021-12-11 22:18:03,605:calc.main:Multiply: 62.000000 * 86.000000 = 5332.000000
2021-12-11 22:18:03,605:calc.main:Multiply: 79.000000 * 30.000000 = 2370.000000
2021-12-11 22:18:03,605:calc.main:Multiply: 100.000000 * 0.000000 = 0.000000
2021-12-11 22:18:03,608:calc.main:Divide: 56.000000 / 31.000000 = 1.806000
2021-12-11 22:27:04,687:calc.main:Add: 56.000000 + 31.000000 = 87.000000
2021-12-11 22:27:04,688:calc.main:Add: 52.000000 + 70.000000 = 122.000000
2021-12-11 22:27:04,688:calc.main:Add: 62.000000 + 86.000000 = 148.000000
2021-12-11 22:27:04,688:calc.main:Add: 79.000000 + 30.000000 = 109.000000
2021-12-11 22:27:04,689:calc.main:Add: 100.000000 + 0.000000 = 100.000000
2021-12-11 22:27:04,693:calc.main:Subtract: 56.000000 - 31.000000 = 25.000000
2021-12-11 22:27:04,693:calc.main:Subtract: 52.000000 - 70.000000 = -18.000000
2021-12-11 22:27:04,694:calc.main:Subtract: 62.000000 - 86.000000 = -24.000000
2021-12-11 22:27:04,694:calc.main:Subtract: 79.000000 - 30.000000 = 49.000000
2021-12-11 22:27:04,694:calc.main:Subtract: 100.000000 - 0.000000 = 100.000000
2021-12-11 22:27:04,697:calc.main:Multiply: 56.000000 * 31.000000 = 1736.000000
2021-12-11 22:27:04,698:calc.main:Multiply: 52.000000 * 70.000000 = 3640.000000
2021-12-11 22:27:04,698:calc.main:Multiply: 62.000000 * 86.000000 = 5332.000000
2021-12-11 22:27:04,699:calc.main:Multiply: 79.000000 * 30.000000 = 2370.000000
2021-12-11 22:27:04,699:calc.main:Multiply: 100.000000 * 0.000000 = 0.000000
2021-12-11 22:27:04,702:calc.main:Divide: 56.000000 / 31.000000 = 1.806000
2021-12-11 22:35:32,028:calc.main:Add: 6.000000 + 3.000000 = 9.000000
2021-12-11 22:35:32,029:calc.main:Add: 4.000000 + 70.000000 = 74.000000
2021-12-11 22:35:32,029:calc.main:Add: 62.000000 + 86.000000 = 148.000000
2021-12-11 22:35:32,030:calc.main:Add: 79.000000 + 30.000000 = 109.000000
2021-12-11 22:35:32,030:calc.main:Add: 100.000000 + 0.000000 = 100.000000
2021-12-11 22:35:32,034:calc.main:Subtract: 6.000000 - 3.000000 = 3.000000
2021-12-11 22:35:32,034:calc.main:Subtract: 4.000000 - 70.000000 = -66.000000
2021-12-11 22:35:32,034:calc.main:Subtract: 62.000000 - 86.000000 = -24.000000
2021-12-11 22:35:32,035:calc.main:Subtract: 79.000000 - 30.000000 = 49.000000
2021-12-11 22:35:32,035:calc.main:Subtract: 100.000000 - 0.000000 = 100.000000
2021-12-11 22:35:32,038:calc.main:Multiply: 6.000000 * 3.000000 = 18.000000
2021-12-11 22:35:32,038:calc.main:Multiply: 4.000000 * 70.000000 = 280.000000
2021-12-11 22:35:32,038:calc.main:Multiply: 62.000000 * 86.000000 = 5332.000000
2021-12-11 22:35:32,039:calc.main:Multiply: 79.000000 * 30.000000 = 2370.000000
2021-12-11 22:35:32,039:calc.main:Multiply: 100.000000 * 0.000000 = 0.000000
2021-12-11 22:35:32,042:calc.main:Divide: 6.000000 / 3.000000 = 2.000000
2021-12-11 22:35:32,042:calc.main:Divide: 4.000000 / 70.000000 = 0.057000
2021-12-11 22:42:22,069:calc.main:Add: 6.000000 + 3.000000 = 9.000000
2021-12-11 22:42:22,070:calc.main:Add: 4.000000 + 70.000000 = 74.000000
2021-12-11 22:42:22,070:calc.main:Add: 62.000000 + 86.000000 = 148.000000
2021-12-11 22:42:22,070:calc.main:Add: 79.000000 + 30.000000 = 109.000000
2021-12-11 22:42:22,071:calc.main:Add: 100.000000 + 0.000000 = 100.000000
2021-12-11 22:42:22,074:calc.main:Subtract: 6.000000 - 3.000000 = 3.000000
2021-12-11 22:42:22,074:calc.main:Subtract: 4.000000 - 70.000000 = -66.000000
2021-12-11 22:42:22,075:calc.main:Subtract: 62.000000 - 86.000000 = -24.000000
2021-12-11 22:42:22,075:calc.main:Subtract: 79.000000 - 30.000000 = 49.000000
2021-12-11 22:42:22,075:calc.main:Subtract: 100.000000 - 0.000000 = 100.000000
2021-12-11 22:42:22,079:calc.main:Multiply: 6.000000 * 3.000000 = 18.000000
2021-12-11 22:42:22,079:calc.main:Multiply: 4.000000 * 70.000000 = 280.000000
2021-12-11 22:42:22,080:calc.main:Multiply: 62.000000 * 86.000000 = 5332.000000
2021-12-11 22:42:22,080:calc.main:Multiply: 79.000000 * 30.000000 = 2370.000000
2021-12-11 22:42:22,080:calc.main:Multiply: 100.000000 * 0.000000 = 0.000000
2021-12-11 22:42:22,084:calc.main:Divide: 6.000000 / 3.000000 = 2.000000
2021-12-11 22:42:22,084:calc.main:Divide: 4.000000 / 70.000000 = 0.057000
2021-12-11 22:46:05,132:calc.main:Add: 6.000000 + 3.000000 = 9.000000
2021-12-11 22:46:05,133:calc.main:Add: 4.000000 + 2.000000 = 6.000000
2021-12-11 22:46:05,133:calc.main:Add: 18.000000 + 3.000000 = 21.000000
2021-12-11 22:46:05,133:calc.main:Add: 20.000000 + 10.000000 = 30.000000
2021-12-11 22:46:05,133:calc.main:Add: 12.000000 + 6.000000 = 18.000000
2021-12-11 22:46:05,136:calc.main:Subtract: 6.000000 - 3.000000 = 3.000000
2021-12-11 22:46:05,137:calc.main:Subtract: 4.000000 - 2.000000 = 2.000000
2021-12-11 22:46:05,137:calc.main:Subtract: 18.000000 - 3.000000 = 15.000000
2021-12-11 22:46:05,137:calc.main:Subtract: 20.000000 - 10.000000 = 10.000000
2021-12-11 22:46:05,138:calc.main:Subtract: 12.000000 - 6.000000 = 6.000000
2021-12-11 22:46:05,141:calc.main:Multiply: 6.000000 * 3.000000 = 18.000000
2021-12-11 22:46:05,142:calc.main:Multiply: 4.000000 * 2.000000 = 8.000000
2021-12-11 22:46:05,142:calc.main:Multiply: 18.000000 * 3.000000 = 54.000000
2021-12-11 22:46:05,142:calc.main:Multiply: 20.000000 * 10.000000 = 200.000000
2021-12-11 22:46:05,142:calc.main:Multiply: 12.000000 * 6.000000 = 72.000000
2021-12-11 22:46:05,146:calc.main:Divide: 6.000000 / 3.000000 = 2.000000
2021-12-11 22:46:05,146:calc.main:Divide: 4.000000 / 2.000000 = 2.000000
2021-12-11 22:46:05,147:calc.main:Divide: 18.000000 / 3.000000 = 6.000000
2021-12-11 22:46:05,147:calc.main:Divide: 20.000000 / 10.000000 = 2.000000
2021-12-11 22:46:05,148:calc.main:Divide: 12.000000 / 6.000000 = 2.000000
